<?xml version="1.0" encoding="UTF-8"?>
<testsuite xmlns:xsi="http://www.w3.org/2001/XMLSchema-instance" xsi:noNamespaceSchemaLocation="https://maven.apache.org/surefire/maven-surefire-plugin/xsd/surefire-test-report-3.0.xsd" version="3.0" name="TestSuite" time="55.334" tests="10" errors="0" skipped="0" failures="6">
  <properties>
[...]
</properties>
  <testcase name="runScenario[&quot;Should see LIST USERS of all existing users&quot;, &quot;API test&quot;](1)" classname="runner.runnerTest" time="4.053">
    <failure message="API failed with status code: 401" type="java.lang.RuntimeException"><![CDATA[java.lang.RuntimeException: API failed with status code: 401
	at pages.APIPage.getAllUserIds(APIPage.java:41)
	at stepdefinitions.APIStepDefinition.iGetTheListOfAllUsers(APIStepDefinition.java:41)
	at ✽.I get the list of all users within every page(file:///C:/Users/acer/Downloads/QumuQaTask/QumuQaTask/src/test/resources/features/API-Test.feature:6)
]]></failure>
    <system-out><![CDATA[
Scenario: Should see LIST USERS of all existing users               # src/test/resources/features/API-Test.feature:4
  Given I get the default list of users for on 1st page             # stepdefinitions.APIStepDefinition.iGetTheDefaultListofusers()
Page: 1
Status Code: 401
Response: {"error":"Missing API key.","how_to_get_one":"https://reqres.in/signup"}
  When I get the list of all users within every page                # stepdefinitions.APIStepDefinition.iGetTheListOfAllUsers()
      java.lang.RuntimeException: API failed with status code: 401
	at pages.APIPage.getAllUserIds(APIPage.java:41)
	at stepdefinitions.APIStepDefinition.iGetTheListOfAllUsers(APIStepDefinition.java:41)
	at ✽.I get the list of all users within every page(file:///C:/Users/acer/Downloads/QumuQaTask/QumuQaTask/src/test/resources/features/API-Test.feature:6)

  Then I should see total users count equals the number of user ids # stepdefinitions.APIStepDefinition.iShouldMatchTotalCount()

    Embedding Should see LIST USERS of all existing users [image/png 6406 bytes]

]]></system-out>
    <system-err><![CDATA[SLF4J(W): No SLF4J providers were found.
SLF4J(W): Defaulting to no-operation (NOP) logger implementation
SLF4J(W): See https://www.slf4j.org/codes.html#noProviders for further details.
Starting ChromeDriver 138.0.7204.157 (e533e98b1267baa1f1c46d666b120e64e5146aa9-refs/branch-heads/7204@{#2046}) on port 29336
Only local connections are allowed.
Please see https://chromedriver.chromium.org/security-considerations for suggestions on keeping ChromeDriver safe.
ChromeDriver was started successfully on port 29336.
Jul 17, 2025 9:25:54 AM org.openqa.selenium.remote.ProtocolHandshake createSession
INFO: Detected dialect: W3C
]]></system-err>
  </testcase>
  <testcase name="runScenario[&quot;Should see SINGLE USER data&quot;, &quot;API test&quot;](2)" classname="runner.runnerTest" time="1.434">
    <failure message="Expected 200 OK but got: 401 expected [200] but found [401]" type="java.lang.AssertionError"><![CDATA[java.lang.AssertionError: Expected 200 OK but got: 401 expected [200] but found [401]
	at org.testng.Assert.fail(Assert.java:110)
	at org.testng.Assert.failNotEquals(Assert.java:1413)
	at org.testng.Assert.assertEqualsImpl(Assert.java:149)
	at org.testng.Assert.assertEquals(Assert.java:131)
	at org.testng.Assert.assertEquals(Assert.java:1240)
	at stepdefinitions.APIStepDefinition.IShouldSeeFollowingUserData(APIStepDefinition.java:58)
	at ✽.I should see the following user data(file:///C:/Users/acer/Downloads/QumuQaTask/QumuQaTask/src/test/resources/features/API-Test.feature:12)
]]></failure>
    <system-out><![CDATA[
Scenario: Should see SINGLE USER data       # src/test/resources/features/API-Test.feature:10
  Given I make a search for user 3          # stepdefinitions.APIStepDefinition.iMakeASearchForUser(int)
  Then I should see the following user data # stepdefinitions.APIStepDefinition.IShouldSeeFollowingUserData(io.cucumber.datatable.DataTable)
    | first_name | email               |
    | Emma       | emma.wong@reqres.in |
      java.lang.AssertionError: Expected 200 OK but got: 401 expected [200] but found [401]
	at org.testng.Assert.fail(Assert.java:110)
	at org.testng.Assert.failNotEquals(Assert.java:1413)
	at org.testng.Assert.assertEqualsImpl(Assert.java:149)
	at org.testng.Assert.assertEquals(Assert.java:131)
	at org.testng.Assert.assertEquals(Assert.java:1240)
	at stepdefinitions.APIStepDefinition.IShouldSeeFollowingUserData(APIStepDefinition.java:58)
	at ✽.I should see the following user data(file:///C:/Users/acer/Downloads/QumuQaTask/QumuQaTask/src/test/resources/features/API-Test.feature:12)


    Embedding Should see SINGLE USER data [image/png 6406 bytes]

]]></system-out>
    <system-err><![CDATA[Starting ChromeDriver 138.0.7204.157 (e533e98b1267baa1f1c46d666b120e64e5146aa9-refs/branch-heads/7204@{#2046}) on port 57750
Only local connections are allowed.
Please see https://chromedriver.chromium.org/security-considerations for suggestions on keeping ChromeDriver safe.
ChromeDriver was started successfully on port 57750.
Jul 17, 2025 9:25:57 AM org.openqa.selenium.remote.ProtocolHandshake createSession
INFO: Detected dialect: W3C
]]></system-err>
  </testcase>
  <testcase name="runScenario[&quot;Should see SINGLE USER NOT FOUND error code&quot;, &quot;API test&quot;](3)" classname="runner.runnerTest" time="1.17">
    <system-out><![CDATA[
Scenario: Should see SINGLE USER NOT FOUND error code # src/test/resources/features/API-Test.feature:17
  Given I make a search for user 55                   # stepdefinitions.APIStepDefinition.iMakeASearchForUser(int)
  Then I receive error code 401 in response           # stepdefinitions.APIStepDefinition.iReceiveErrorCodeInResponse(int)
]]></system-out>
    <system-err><![CDATA[Starting ChromeDriver 138.0.7204.157 (e533e98b1267baa1f1c46d666b120e64e5146aa9-refs/branch-heads/7204@{#2046}) on port 14530
Only local connections are allowed.
Please see https://chromedriver.chromium.org/security-considerations for suggestions on keeping ChromeDriver safe.
ChromeDriver was started successfully on port 14530.
Jul 17, 2025 9:25:58 AM org.openqa.selenium.remote.ProtocolHandshake createSession
INFO: Detected dialect: W3C
]]></system-err>
  </testcase>
  <testcase name="runScenario[&quot;CREATE a user&quot;, &quot;API test&quot;](4)" classname="runner.runnerTest" time="1.575">
    <system-out><![CDATA[
Scenario Outline: CREATE a user                      # src/test/resources/features/API-Test.feature:29
  Given I create a user with following Peter Manager # stepdefinitions.APIStepDefinition.iCreateUserWithFollowing(java.lang.String,java.lang.String)
  Then response should contain the following data    # stepdefinitions.APIStepDefinition.iReceiveErrorCodeInResponse(io.cucumber.datatable.DataTable)
    | name | job | id | createdAt |
]]></system-out>
    <system-err><![CDATA[Starting ChromeDriver 138.0.7204.157 (e533e98b1267baa1f1c46d666b120e64e5146aa9-refs/branch-heads/7204@{#2046}) on port 60769
Only local connections are allowed.
Please see https://chromedriver.chromium.org/security-considerations for suggestions on keeping ChromeDriver safe.
ChromeDriver was started successfully on port 60769.
Jul 17, 2025 9:25:59 AM org.openqa.selenium.remote.ProtocolHandshake createSession
INFO: Detected dialect: W3C
]]></system-err>
  </testcase>
  <testcase name="runScenario[&quot;CREATE a user&quot;, &quot;API test&quot;](5)" classname="runner.runnerTest" time="1.486">
    <system-out><![CDATA[
Scenario Outline: CREATE a user                   # src/test/resources/features/API-Test.feature:30
  Given I create a user with following Liza Sales # stepdefinitions.APIStepDefinition.iCreateUserWithFollowing(java.lang.String,java.lang.String)
  Then response should contain the following data # stepdefinitions.APIStepDefinition.iReceiveErrorCodeInResponse(io.cucumber.datatable.DataTable)
    | name | job | id | createdAt |
]]></system-out>
    <system-err><![CDATA[Starting ChromeDriver 138.0.7204.157 (e533e98b1267baa1f1c46d666b120e64e5146aa9-refs/branch-heads/7204@{#2046}) on port 57028
Only local connections are allowed.
Please see https://chromedriver.chromium.org/security-considerations for suggestions on keeping ChromeDriver safe.
ChromeDriver was started successfully on port 57028.
Jul 17, 2025 9:26:01 AM org.openqa.selenium.remote.ProtocolHandshake createSession
INFO: Detected dialect: W3C
]]></system-err>
  </testcase>
  <testcase name="runScenario[&quot;LOGIN - SUCCESSFUL by a user&quot;, &quot;API test&quot;](6)" classname="runner.runnerTest" time="1.503">
    <failure message="expected [401] but found [200]" type="java.lang.AssertionError"><![CDATA[java.lang.AssertionError: expected [401] but found [200]
	at org.testng.Assert.fail(Assert.java:110)
	at org.testng.Assert.failNotEquals(Assert.java:1413)
	at org.testng.Assert.assertEqualsImpl(Assert.java:149)
	at org.testng.Assert.assertEquals(Assert.java:131)
	at org.testng.Assert.assertEquals(Assert.java:1240)
	at org.testng.Assert.assertEquals(Assert.java:1274)
	at stepdefinitions.APIStepDefinition.iShouldGetAResponseCodeOf(APIStepDefinition.java:108)
	at ✽.I should get a response code of 200(file:///C:/Users/acer/Downloads/QumuQaTask/QumuQaTask/src/test/resources/features/API-Test.feature:37)
]]></failure>
    <system-out><![CDATA[
Scenario: LOGIN - SUCCESSFUL by a user                 # src/test/resources/features/API-Test.feature:33
  Given I login unsuccessfully with the following data # stepdefinitions.APIStepDefinition.iLoginUnsuccessfullyWithFollowingData(io.cucumber.datatable.DataTable)
    | Email              | Password   |
    | eve.holt@reqres.in | cityslicka |
  Then I should get a response code of 200             # stepdefinitions.APIStepDefinition.iShouldGetAResponseCodeOf(int)
      java.lang.AssertionError: expected [401] but found [200]
	at org.testng.Assert.fail(Assert.java:110)
	at org.testng.Assert.failNotEquals(Assert.java:1413)
	at org.testng.Assert.assertEqualsImpl(Assert.java:149)
	at org.testng.Assert.assertEquals(Assert.java:131)
	at org.testng.Assert.assertEquals(Assert.java:1240)
	at org.testng.Assert.assertEquals(Assert.java:1274)
	at stepdefinitions.APIStepDefinition.iShouldGetAResponseCodeOf(APIStepDefinition.java:108)
	at ✽.I should get a response code of 200(file:///C:/Users/acer/Downloads/QumuQaTask/QumuQaTask/src/test/resources/features/API-Test.feature:37)


    Embedding LOGIN - SUCCESSFUL by a user [image/png 6406 bytes]

]]></system-out>
    <system-err><![CDATA[Starting ChromeDriver 138.0.7204.157 (e533e98b1267baa1f1c46d666b120e64e5146aa9-refs/branch-heads/7204@{#2046}) on port 28038
Only local connections are allowed.
Please see https://chromedriver.chromium.org/security-considerations for suggestions on keeping ChromeDriver safe.
ChromeDriver was started successfully on port 28038.
Jul 17, 2025 9:26:03 AM org.openqa.selenium.remote.ProtocolHandshake createSession
INFO: Detected dialect: W3C
]]></system-err>
  </testcase>
  <testcase name="runScenario[&quot;LOGIN - UNSUCCESSFUL by a user&quot;, &quot;API test&quot;](7)" classname="runner.runnerTest" time="1.653">
    <failure message="expected [401] but found [400]" type="java.lang.AssertionError"><![CDATA[java.lang.AssertionError: expected [401] but found [400]
	at org.testng.Assert.fail(Assert.java:110)
	at org.testng.Assert.failNotEquals(Assert.java:1413)
	at org.testng.Assert.assertEqualsImpl(Assert.java:149)
	at org.testng.Assert.assertEquals(Assert.java:131)
	at org.testng.Assert.assertEquals(Assert.java:1240)
	at org.testng.Assert.assertEquals(Assert.java:1274)
	at stepdefinitions.APIStepDefinition.iShouldGetAResponseCodeOf(APIStepDefinition.java:108)
	at ✽.I should get a response code of 400(file:///C:/Users/acer/Downloads/QumuQaTask/QumuQaTask/src/test/resources/features/API-Test.feature:43)
]]></failure>
    <system-out><![CDATA[
Scenario: LOGIN - UNSUCCESSFUL by a user               # src/test/resources/features/API-Test.feature:39
  Given I login unsuccessfully with the following data # stepdefinitions.APIStepDefinition.iLoginUnsuccessfullyWithFollowingData(io.cucumber.datatable.DataTable)
    | Email              | Password |
    | eve.holt@reqres.in | [empty]  |
  Then I should get a response code of 400             # stepdefinitions.APIStepDefinition.iShouldGetAResponseCodeOf(int)
      java.lang.AssertionError: expected [401] but found [400]
	at org.testng.Assert.fail(Assert.java:110)
	at org.testng.Assert.failNotEquals(Assert.java:1413)
	at org.testng.Assert.assertEqualsImpl(Assert.java:149)
	at org.testng.Assert.assertEquals(Assert.java:131)
	at org.testng.Assert.assertEquals(Assert.java:1240)
	at org.testng.Assert.assertEquals(Assert.java:1274)
	at stepdefinitions.APIStepDefinition.iShouldGetAResponseCodeOf(APIStepDefinition.java:108)
	at ✽.I should get a response code of 400(file:///C:/Users/acer/Downloads/QumuQaTask/QumuQaTask/src/test/resources/features/API-Test.feature:43)

  And I should see the following response message:     # stepdefinitions.APIStepDefinition.iShouldSeeTheFollowingResponseMessage(io.cucumber.datatable.DataTable)
    | "error": "Missing password" |

    Embedding LOGIN - UNSUCCESSFUL by a user [image/png 6406 bytes]

]]></system-out>
    <system-err><![CDATA[Starting ChromeDriver 138.0.7204.157 (e533e98b1267baa1f1c46d666b120e64e5146aa9-refs/branch-heads/7204@{#2046}) on port 24521
Only local connections are allowed.
Please see https://chromedriver.chromium.org/security-considerations for suggestions on keeping ChromeDriver safe.
ChromeDriver was started successfully on port 24521.
Jul 17, 2025 9:26:04 AM org.openqa.selenium.remote.ProtocolHandshake createSession
INFO: Detected dialect: W3C
]]></system-err>
  </testcase>
  <testcase name="runScenario[&quot;Should see the list of users with DELAYED RESPONSE&quot;, &quot;API test&quot;](8)" classname="runner.runnerTest" time="13.66">
    <failure message="User IDs list is null expected object to not be null" type="java.lang.AssertionError"><![CDATA[java.lang.AssertionError: User IDs list is null expected object to not be null
	at org.testng.Assert.fail(Assert.java:110)
	at org.testng.Assert.assertNotNull(Assert.java:1319)
	at stepdefinitions.APIStepDefinition.iShouldSeeThatEveryUserHasAUniqueID(APIStepDefinition.java:101)
	at ✽.I should see that every user has a unique id(file:///C:/Users/acer/Downloads/QumuQaTask/QumuQaTask/src/test/resources/features/API-Test.feature:49)
]]></failure>
    <system-out><![CDATA[
Scenario: Should see the list of users with DELAYED RESPONSE # src/test/resources/features/API-Test.feature:47
  Given I wait for the user list to load                     # stepdefinitions.APIStepDefinition.iWaitForUserListToLoad()
  Then I should see that every user has a unique id          # stepdefinitions.APIStepDefinition.iShouldSeeThatEveryUserHasAUniqueID()
      java.lang.AssertionError: User IDs list is null expected object to not be null
	at org.testng.Assert.fail(Assert.java:110)
	at org.testng.Assert.assertNotNull(Assert.java:1319)
	at stepdefinitions.APIStepDefinition.iShouldSeeThatEveryUserHasAUniqueID(APIStepDefinition.java:101)
	at ✽.I should see that every user has a unique id(file:///C:/Users/acer/Downloads/QumuQaTask/QumuQaTask/src/test/resources/features/API-Test.feature:49)


    Embedding Should see the list of users with DELAYED RESPONSE [image/png 6406 bytes]

]]></system-out>
    <system-err><![CDATA[Starting ChromeDriver 138.0.7204.157 (e533e98b1267baa1f1c46d666b120e64e5146aa9-refs/branch-heads/7204@{#2046}) on port 23866
Only local connections are allowed.
Please see https://chromedriver.chromium.org/security-considerations for suggestions on keeping ChromeDriver safe.
ChromeDriver was started successfully on port 23866.
Jul 17, 2025 9:26:06 AM org.openqa.selenium.remote.ProtocolHandshake createSession
INFO: Detected dialect: W3C
]]></system-err>
  </testcase>
  <testcase name="runScenario[&quot;Sample&quot;, &quot;Qumu  Sample Test&quot;](9)" classname="runner.runnerTest" time="1.752">
    <system-out><![CDATA[
Scenario: Sample              # src/test/resources/features/SampleTest.feature:3
Navigated to home page: https://www.saucedemo.com/
  Given I am on the home page # stepdefinitions.UIStepDefination.i_am_on_the_home_page()
]]></system-out>
    <system-err><![CDATA[Starting ChromeDriver 138.0.7204.157 (e533e98b1267baa1f1c46d666b120e64e5146aa9-refs/branch-heads/7204@{#2046}) on port 31232
Only local connections are allowed.
Please see https://chromedriver.chromium.org/security-considerations for suggestions on keeping ChromeDriver safe.
ChromeDriver was started successfully on port 31232.
Jul 17, 2025 9:26:19 AM org.openqa.selenium.remote.ProtocolHandshake createSession
INFO: Detected dialect: W3C
]]></system-err>
  </testcase>
  <testcase name="runScenario[&quot;Check item total cost and tax&quot;, &quot;Checkout items in the basket&quot;](10)" classname="runner.runnerTest" time="26.077">
    <failure message="expected [1] but found [4]" type="java.lang.AssertionError"><![CDATA[java.lang.AssertionError: expected [1] but found [4]
	at org.testng.Assert.fail(Assert.java:110)
	at org.testng.Assert.failNotEquals(Assert.java:1413)
	at org.testng.Assert.assertEqualsImpl(Assert.java:149)
	at org.testng.Assert.assertEquals(Assert.java:131)
	at org.testng.Assert.assertEquals(Assert.java:1240)
	at org.testng.Assert.assertEquals(Assert.java:1274)
	at stepdefinitions.UIStepDefination.i_should_see_items_added_to_the_shopping_cart(UIStepDefination.java:70)
	at ✽.I  should see 4 items added to the shopping cart(file:///C:/Users/acer/Downloads/QumuQaTask/QumuQaTask/src/test/resources/features/UI-Test.feature:14)
]]></failure>
    <system-out><![CDATA[
Scenario: Check item total cost and tax                           # src/test/resources/features/UI-Test.feature:4
Navigated to home page: https://www.saucedemo.com/
  Given I am on the home page                                     # stepdefinitions.UIStepDefination.i_am_on_the_home_page()
  And I login in with the following details                       # stepdefinitions.UIStepDefination.i_login_in_with_the_following_details(io.cucumber.datatable.DataTable)
    | userName      | Password     |
    | standard_user | secret_sauce |
  And I add the following items to the basket                     # stepdefinitions.UIStepDefination.i_add_the_following_items_to_the_basket(io.cucumber.datatable.DataTable)
    | Sauce Labs Backpack      |
    | Sauce Labs Fleece Jacket |
    | Sauce Labs Bolt T-Shirt  |
    | Sauce Labs Onesie        |
  And I  should see 4 items added to the shopping cart            # stepdefinitions.UIStepDefination.i_should_see_items_added_to_the_shopping_cart(int)
      java.lang.AssertionError: expected [1] but found [4]
	at org.testng.Assert.fail(Assert.java:110)
	at org.testng.Assert.failNotEquals(Assert.java:1413)
	at org.testng.Assert.assertEqualsImpl(Assert.java:149)
	at org.testng.Assert.assertEquals(Assert.java:131)
	at org.testng.Assert.assertEquals(Assert.java:1240)
	at org.testng.Assert.assertEquals(Assert.java:1274)
	at stepdefinitions.UIStepDefination.i_should_see_items_added_to_the_shopping_cart(UIStepDefination.java:70)
	at ✽.I  should see 4 items added to the shopping cart(file:///C:/Users/acer/Downloads/QumuQaTask/QumuQaTask/src/test/resources/features/UI-Test.feature:14)

  And I click on the shopping cart                                # stepdefinitions.UIStepDefination.i_click_on_the_shopping_cart()
  And I verify that the QTY count for each item should be 1       # stepdefinitions.UIStepDefination.i_verify_that_the_qty_count_for_each_item_should_be(int)
  And I remove the following item:                                # stepdefinitions.UIStepDefination.i_remove_the_following_item(io.cucumber.datatable.DataTable)
    | Sauce Labs Fleece Jacket |
  And I  should see 3 items added to the shopping cart            # stepdefinitions.UIStepDefination.i_should_see_items_added_to_the_shopping_cart(int)
  And I click on the CHECKOUT button                              # stepdefinitions.UIStepDefination.i_click_on_the_checkout_button()
  And I type "FirstName" for First Name                           # stepdefinitions.UIStepDefination.i_type_for_first_name(java.lang.String)
  And I type "LastName" for Last Name                             # stepdefinitions.UIStepDefination.i_type_for_last_name(java.lang.String)
  And I type "EC1A 9JU" for ZIP/Postal Code                       # stepdefinitions.UIStepDefination.i_type_for_zip_postal_code(java.lang.String)
  When I click on the CONTINUE button                             # stepdefinitions.UIStepDefination.i_click_on_the_continue_button()
  Then Item total will be equal to the total of items on the list # stepdefinitions.UIStepDefination.item_total_will_be_equal_to_the_total_of_items_on_the_list()
  And a Tax rate of 8 % is applied to the total                   # stepdefinitions.UIStepDefination.a_tax_rate_of_is_applied_to_the_total(java.lang.Integer)

    Embedding Check item total cost and tax [image/png 382989 bytes]

]]></system-out>
    <system-err><![CDATA[Starting ChromeDriver 138.0.7204.157 (e533e98b1267baa1f1c46d666b120e64e5146aa9-refs/branch-heads/7204@{#2046}) on port 12911
Only local connections are allowed.
Please see https://chromedriver.chromium.org/security-considerations for suggestions on keeping ChromeDriver safe.
ChromeDriver was started successfully on port 12911.
Jul 17, 2025 9:26:21 AM org.openqa.selenium.remote.ProtocolHandshake createSession
INFO: Detected dialect: W3C
]]></system-err>
  </testcase>
</testsuite>